2022-08-20T13:41:59.365Z - error: [main] Error looking for toast activator CLSID in shortcut /home/meet/AppData/Roaming/Microsoft/Windows/Start Menu/Programs/GitHub, Inc/GitHub Desktop.lnk
TypeError: i.shell.readShortcutLink is not a function
    at Q (/home/meet/webpack:/[name]/app/src/lib/find-toast-activator-clsid.ts:38:29)
    at /home/meet/webpack:/[name]/app/src/lib/find-toast-activator-clsid.ts:26:33
    at /home/meet/webpack:/[name]/app/src/main-process/notifications.ts:23:32
    at /home/meet/webpack:/[name]/app/src/main-process/main.ts:719:55
    at Object.<anonymous> (/home/meet/webpack:/[name]/app/src/main-process/main.ts:719:55)
    at Module._compile (node:internal/modules/cjs/loader:1116:14)
    at Object.Module._extensions..js (node:internal/modules/cjs/loader:1169:10)
    at Module.load (node:internal/modules/cjs/loader:988:32)
    at Module._load (node:internal/modules/cjs/loader:829:12)
    at Function.c._load (node:electron/js2c/asar_bundle:5:13331)
2022-08-20T13:41:59.430Z - error: [main] Error looking for toast activator CLSID in shortcut /home/meet/Desktop/GitHub Desktop.lnk
TypeError: i.shell.readShortcutLink is not a function
    at Q (/home/meet/webpack:/[name]/app/src/lib/find-toast-activator-clsid.ts:38:29)
    at /home/meet/webpack:/[name]/app/src/lib/find-toast-activator-clsid.ts:26:33
    at /home/meet/webpack:/[name]/app/src/main-process/notifications.ts:23:32
    at /home/meet/webpack:/[name]/app/src/main-process/main.ts:719:55
    at Object.<anonymous> (/home/meet/webpack:/[name]/app/src/main-process/main.ts:719:55)
    at Module._compile (node:internal/modules/cjs/loader:1116:14)
    at Object.Module._extensions..js (node:internal/modules/cjs/loader:1169:10)
    at Module.load (node:internal/modules/cjs/loader:988:32)
    at Module._load (node:internal/modules/cjs/loader:829:12)
    at Function.c._load (node:electron/js2c/asar_bundle:5:13331)
2022-08-20T13:41:59.431Z - error: [main] Toast activator CLSID not found in any of the shortucts. Falling back to known CLSIDs.
2022-08-20T13:41:59.431Z - info: [main] Using toast activator CLSID {27D44D0C-A542-5B90-BCDB-AC3126048BA2}
2022-08-20T13:42:01.751Z - info: [ui] [AppStore] loading 2 repositories from store
2022-08-20T13:42:01.778Z - info: [ui] [AppStore] found account: MeetMaratha (Meet Maratha)
2022-08-20T13:42:03.138Z - info: [ui] launching: 3.0.5-linux1 (Linux 5.19.1-arch2-1)
2022-08-20T13:42:03.140Z - info: [ui] execPath: '/opt/github-desktop/github-desktop'
2022-08-20T13:42:03.169Z - info: [ui] Subscribed 'MeetMaratha' to Alive channel
2022-08-20T13:42:04.568Z - info: [ui] Stats reported.
2022-08-20T13:42:08.611Z - info: [ui] Executing fetch: git -c credential.helper= fetch --progress --prune origin (took 2.529s)
2022-08-20T13:42:11.335Z - info: [ui] [AppStore.withAuthenticatingUser] account found for repository: Solid-Waste-Collection - MeetMaratha (has token)
2022-08-20T13:42:32.617Z - info: [ui] [Timing] Action 'create commit' for 'MeetMaratha/Solid-Waste-Collection' took 1.200s
2022-08-20T13:42:36.072Z - info: [ui] [AppStore.withAuthenticatingUser] account found for repository: Solid-Waste-Collection - MeetMaratha (has token)
2022-08-20T13:42:37.838Z - info: [ui] Executing push: git -c credential.helper= push origin Version-2:Version-2 --progress (took 1.741s)
2022-08-20T13:48:18.337Z - info: [ui] [RepositoryIndicatorUpdater]: Refreshing sidebar indicators for 1 repositories took 2.6s of which 0.0s paused, total 2.6s
2022-08-20T13:48:30.992Z - info: [ui] Executing updateIndex: git update-index --add --remove --replace -z --stdin (took 1.289s)
2022-08-20T13:48:32.090Z - info: [ui] Executing createCommit: git commit -F - (took 1.086s)
2022-08-20T13:48:32.151Z - info: [ui] [Timing] Action 'create commit' for 'MeetMaratha/Solid-Waste-Collection' took 2.493s
2022-08-20T13:48:33.560Z - info: [ui] [AppStore.withAuthenticatingUser] account found for repository: Solid-Waste-Collection - MeetMaratha (has token)
2022-08-20T13:48:46.440Z - info: [ui] Executing push: git -c credential.helper= push origin Version-2:Version-2 --progress (took 12.877s)
