2022-08-28T13:53:59.168Z - error: [main] Error looking for toast activator CLSID in shortcut /home/meet/AppData/Roaming/Microsoft/Windows/Start Menu/Programs/GitHub, Inc/GitHub Desktop.lnk
TypeError: i.shell.readShortcutLink is not a function
    at Q (/home/meet/webpack:/[name]/app/src/lib/find-toast-activator-clsid.ts:38:29)
    at /home/meet/webpack:/[name]/app/src/lib/find-toast-activator-clsid.ts:26:33
    at /home/meet/webpack:/[name]/app/src/main-process/notifications.ts:23:32
    at /home/meet/webpack:/[name]/app/src/main-process/main.ts:719:55
    at Object.<anonymous> (/home/meet/webpack:/[name]/app/src/main-process/main.ts:719:55)
    at Module._compile (node:internal/modules/cjs/loader:1116:14)
    at Object.Module._extensions..js (node:internal/modules/cjs/loader:1169:10)
    at Module.load (node:internal/modules/cjs/loader:988:32)
    at Module._load (node:internal/modules/cjs/loader:829:12)
    at Function.c._load (node:electron/js2c/asar_bundle:5:13331)
2022-08-28T13:53:59.231Z - error: [main] Error looking for toast activator CLSID in shortcut /home/meet/Desktop/GitHub Desktop.lnk
TypeError: i.shell.readShortcutLink is not a function
    at Q (/home/meet/webpack:/[name]/app/src/lib/find-toast-activator-clsid.ts:38:29)
    at /home/meet/webpack:/[name]/app/src/lib/find-toast-activator-clsid.ts:26:33
    at /home/meet/webpack:/[name]/app/src/main-process/notifications.ts:23:32
    at /home/meet/webpack:/[name]/app/src/main-process/main.ts:719:55
    at Object.<anonymous> (/home/meet/webpack:/[name]/app/src/main-process/main.ts:719:55)
    at Module._compile (node:internal/modules/cjs/loader:1116:14)
    at Object.Module._extensions..js (node:internal/modules/cjs/loader:1169:10)
    at Module.load (node:internal/modules/cjs/loader:988:32)
    at Module._load (node:internal/modules/cjs/loader:829:12)
    at Function.c._load (node:electron/js2c/asar_bundle:5:13331)
2022-08-28T13:53:59.231Z - error: [main] Toast activator CLSID not found in any of the shortucts. Falling back to known CLSIDs.
2022-08-28T13:53:59.231Z - info: [main] Using toast activator CLSID {27D44D0C-A542-5B90-BCDB-AC3126048BA2}
2022-08-28T13:54:01.429Z - info: [ui] [AppStore] loading 2 repositories from store
2022-08-28T13:54:01.442Z - info: [ui] [AppStore] found account: MeetMaratha (Meet Maratha)
2022-08-28T13:54:04.320Z - info: [ui] Executing getBranches: git for-each-ref --format=%00%(refname)%00%(refname:short)%00%(upstream:short)%00%(objectname)%00%(author)%00%(symref)%00 refs/heads refs/remotes (took 2.136s)
2022-08-28T13:54:04.442Z - info: [ui] Subscribed 'MeetMaratha' to Alive channel
2022-08-28T13:54:05.477Z - info: [ui] launching: 3.0.5-linux1 (Linux 5.19.3-arch1-1)
2022-08-28T13:54:05.479Z - info: [ui] execPath: '/opt/github-desktop/github-desktop'
2022-08-28T13:54:06.900Z - info: [ui] Stats reported.
2022-08-28T13:54:11.860Z - info: [ui] [AppStore.withAuthenticatingUser] account found for repository: Solid-Waste-Collection - MeetMaratha (has token)
2022-08-28T13:54:12.907Z - info: [ui] Executing fetch: git -c credential.helper= fetch --progress --prune origin (took 1.030s)
2022-08-28T13:54:35.498Z - info: [ui] Executing updateIndex: git update-index --add --remove --replace -z --stdin (took 5.161s)
2022-08-28T13:54:38.089Z - info: [ui] Executing createCommit: git commit -F - (took 2.565s)
2022-08-28T13:54:38.173Z - info: [ui] [Timing] Action 'create commit' for 'MeetMaratha/Solid-Waste-Collection' took 7.898s
2022-08-28T13:54:39.867Z - info: [ui] [AppStore.withAuthenticatingUser] account found for repository: Solid-Waste-Collection - MeetMaratha (has token)
2022-08-28T13:55:18.390Z - info: [ui] Executing push: git -c credential.helper= push origin Version-2:Version-2 --progress (took 38.500s)
