2022-09-10T15:22:06.170Z - error: [main] Error looking for toast activator CLSID in shortcut /home/meet/AppData/Roaming/Microsoft/Windows/Start Menu/Programs/GitHub, Inc/GitHub Desktop.lnk
TypeError: i.shell.readShortcutLink is not a function
    at Q (/home/meet/webpack:/[name]/app/src/lib/find-toast-activator-clsid.ts:38:29)
    at /home/meet/webpack:/[name]/app/src/lib/find-toast-activator-clsid.ts:26:33
    at /home/meet/webpack:/[name]/app/src/main-process/notifications.ts:23:32
    at /home/meet/webpack:/[name]/app/src/main-process/main.ts:719:55
    at Object.<anonymous> (/home/meet/webpack:/[name]/app/src/main-process/main.ts:719:55)
    at Module._compile (node:internal/modules/cjs/loader:1116:14)
    at Object.Module._extensions..js (node:internal/modules/cjs/loader:1169:10)
    at Module.load (node:internal/modules/cjs/loader:988:32)
    at Module._load (node:internal/modules/cjs/loader:829:12)
    at Function.c._load (node:electron/js2c/asar_bundle:5:13331)
2022-09-10T15:22:06.268Z - error: [main] Error looking for toast activator CLSID in shortcut /home/meet/Desktop/GitHub Desktop.lnk
TypeError: i.shell.readShortcutLink is not a function
    at Q (/home/meet/webpack:/[name]/app/src/lib/find-toast-activator-clsid.ts:38:29)
    at /home/meet/webpack:/[name]/app/src/lib/find-toast-activator-clsid.ts:26:33
    at /home/meet/webpack:/[name]/app/src/main-process/notifications.ts:23:32
    at /home/meet/webpack:/[name]/app/src/main-process/main.ts:719:55
    at Object.<anonymous> (/home/meet/webpack:/[name]/app/src/main-process/main.ts:719:55)
    at Module._compile (node:internal/modules/cjs/loader:1116:14)
    at Object.Module._extensions..js (node:internal/modules/cjs/loader:1169:10)
    at Module.load (node:internal/modules/cjs/loader:988:32)
    at Module._load (node:internal/modules/cjs/loader:829:12)
    at Function.c._load (node:electron/js2c/asar_bundle:5:13331)
2022-09-10T15:22:06.269Z - error: [main] Toast activator CLSID not found in any of the shortucts. Falling back to known CLSIDs.
2022-09-10T15:22:06.269Z - info: [main] Using toast activator CLSID {27D44D0C-A542-5B90-BCDB-AC3126048BA2}
2022-09-10T15:22:08.376Z - info: [ui] [AppStore] loading 3 repositories from store
2022-09-10T15:22:08.386Z - info: [ui] [AppStore] found account: MeetMaratha (Meet Maratha)
2022-09-10T15:22:09.947Z - info: [ui] Subscribed 'MeetMaratha' to Alive channel
2022-09-10T15:22:10.257Z - info: [ui] launching: 3.0.5-linux1 (Linux 5.19.6-arch1-1)
2022-09-10T15:22:10.259Z - info: [ui] execPath: '/opt/github-desktop/github-desktop'
2022-09-10T15:22:11.288Z - info: [ui] Stats reported.
2022-09-10T15:22:11.814Z - info: [ui] Executing installGlobalLFSFilter: git lfs install --skip-repo (took 1.557s)
2022-09-10T15:22:12.314Z - info: [ui] Executing getRecentBranches: git log -g --no-abbrev-commit --pretty=oneline HEAD -n 2500 -- (took 1.419s)
2022-09-10T15:22:12.327Z - info: [ui] Executing getRecentBranches: git log -g --no-abbrev-commit --pretty=oneline HEAD -n 2500 -- (took 1.512s)
2022-09-10T15:22:12.338Z - info: [ui] Executing getRecentBranches: git log -g --no-abbrev-commit --pretty=oneline HEAD -n 2500 -- (took 1.504s)
2022-09-10T15:22:13.698Z - info: [ui] Executing getCommits: git log HEAD --date=raw --max-count=100 --skip=0 -z --format=%H%x00%h%x00%s%x00%b%x00%an <%ae> %ad%x00%cn <%ce> %cd%x00%P%x00%(trailers:unfold,only)%x00%D --no-show-signature --no-color -- (took 1.131s)
2022-09-10T15:22:35.642Z - info: [ui] Executing fetch: git -c credential.helper= fetch --progress --prune origin (took 25.584s)
2022-09-10T15:22:43.165Z - info: [ui] [AppStore.withAuthenticatingUser] account found for repository: Solid-Waste-Collection - MeetMaratha (has token)
2022-09-10T15:22:47.282Z - info: [ui] Executing pull: git -c credential.helper= -c rebase.backend=merge pull --ff --progress origin (took 4.010s)
2022-09-10T15:47:33.796Z - error: [main] Error looking for toast activator CLSID in shortcut /home/meet/AppData/Roaming/Microsoft/Windows/Start Menu/Programs/GitHub, Inc/GitHub Desktop.lnk
TypeError: i.shell.readShortcutLink is not a function
    at Q (/home/meet/webpack:/[name]/app/src/lib/find-toast-activator-clsid.ts:38:29)
    at /home/meet/webpack:/[name]/app/src/lib/find-toast-activator-clsid.ts:26:33
    at /home/meet/webpack:/[name]/app/src/main-process/notifications.ts:23:32
    at /home/meet/webpack:/[name]/app/src/main-process/main.ts:719:55
    at Object.<anonymous> (/home/meet/webpack:/[name]/app/src/main-process/main.ts:719:55)
    at Module._compile (node:internal/modules/cjs/loader:1116:14)
    at Object.Module._extensions..js (node:internal/modules/cjs/loader:1169:10)
    at Module.load (node:internal/modules/cjs/loader:988:32)
    at Module._load (node:internal/modules/cjs/loader:829:12)
    at Function.c._load (node:electron/js2c/asar_bundle:5:13331)
2022-09-10T15:47:33.820Z - error: [main] Error looking for toast activator CLSID in shortcut /home/meet/Desktop/GitHub Desktop.lnk
TypeError: i.shell.readShortcutLink is not a function
    at Q (/home/meet/webpack:/[name]/app/src/lib/find-toast-activator-clsid.ts:38:29)
    at /home/meet/webpack:/[name]/app/src/lib/find-toast-activator-clsid.ts:26:33
    at /home/meet/webpack:/[name]/app/src/main-process/notifications.ts:23:32
    at /home/meet/webpack:/[name]/app/src/main-process/main.ts:719:55
    at Object.<anonymous> (/home/meet/webpack:/[name]/app/src/main-process/main.ts:719:55)
    at Module._compile (node:internal/modules/cjs/loader:1116:14)
    at Object.Module._extensions..js (node:internal/modules/cjs/loader:1169:10)
    at Module.load (node:internal/modules/cjs/loader:988:32)
    at Module._load (node:internal/modules/cjs/loader:829:12)
    at Function.c._load (node:electron/js2c/asar_bundle:5:13331)
2022-09-10T15:47:33.821Z - error: [main] Toast activator CLSID not found in any of the shortucts. Falling back to known CLSIDs.
2022-09-10T15:47:33.821Z - info: [main] Using toast activator CLSID {27D44D0C-A542-5B90-BCDB-AC3126048BA2}
2022-09-10T15:47:34.621Z - info: [ui] [AppStore] loading 3 repositories from store
2022-09-10T15:47:34.623Z - info: [ui] [AppStore] found account: MeetMaratha (Meet Maratha)
2022-09-10T15:47:34.730Z - info: [ui] [BranchPruner] Last prune took place 25 minutes ago - skipping
2022-09-10T15:47:35.631Z - info: [ui] Subscribed 'MeetMaratha' to Alive channel
2022-09-10T15:47:36.746Z - info: [ui] Executing getChangedFilesNumStats: git log 48420d10582b977b76690f00df2a508d257a6365 -C -M -m -1 --no-show-signature --first-parent --format=format: -z --numstat -- (took 1.602s)
2022-09-10T15:47:36.825Z - info: [ui] Executing getBlobContents: git show HEAD:AI Paper/Figure 3.png (took 1.423s)
2022-09-10T15:47:38.659Z - info: [ui] launching: 3.0.5-linux1 (Linux 5.19.6-arch1-1)
2022-09-10T15:47:38.661Z - info: [ui] execPath: '/opt/github-desktop/github-desktop'
2022-09-10T15:48:08.281Z - info: [ui] Executing updateIndex: git update-index --add --remove --replace -z --stdin (took 1.122s)
2022-09-10T15:48:09.030Z - info: [ui] [Timing] Action 'create commit' for 'MeetMaratha/Solid-Waste-Collection' took 1.980s
2022-09-10T15:48:10.347Z - info: [ui] [AppStore.withAuthenticatingUser] account found for repository: Solid-Waste-Collection - MeetMaratha (has token)
2022-09-10T15:48:25.599Z - info: [ui] Executing push: git -c credential.helper= push origin Version-2:Version-2 --progress (took 15.246s)
