2022-09-06T06:15:43.433Z - error: [main] Error looking for toast activator CLSID in shortcut /home/meet/AppData/Roaming/Microsoft/Windows/Start Menu/Programs/GitHub, Inc/GitHub Desktop.lnk
TypeError: i.shell.readShortcutLink is not a function
    at Q (/home/meet/webpack:/[name]/app/src/lib/find-toast-activator-clsid.ts:38:29)
    at /home/meet/webpack:/[name]/app/src/lib/find-toast-activator-clsid.ts:26:33
    at /home/meet/webpack:/[name]/app/src/main-process/notifications.ts:23:32
    at /home/meet/webpack:/[name]/app/src/main-process/main.ts:719:55
    at Object.<anonymous> (/home/meet/webpack:/[name]/app/src/main-process/main.ts:719:55)
    at Module._compile (node:internal/modules/cjs/loader:1116:14)
    at Object.Module._extensions..js (node:internal/modules/cjs/loader:1169:10)
    at Module.load (node:internal/modules/cjs/loader:988:32)
    at Module._load (node:internal/modules/cjs/loader:829:12)
    at Function.c._load (node:electron/js2c/asar_bundle:5:13331)
2022-09-06T06:15:43.500Z - error: [main] Error looking for toast activator CLSID in shortcut /home/meet/Desktop/GitHub Desktop.lnk
TypeError: i.shell.readShortcutLink is not a function
    at Q (/home/meet/webpack:/[name]/app/src/lib/find-toast-activator-clsid.ts:38:29)
    at /home/meet/webpack:/[name]/app/src/lib/find-toast-activator-clsid.ts:26:33
    at /home/meet/webpack:/[name]/app/src/main-process/notifications.ts:23:32
    at /home/meet/webpack:/[name]/app/src/main-process/main.ts:719:55
    at Object.<anonymous> (/home/meet/webpack:/[name]/app/src/main-process/main.ts:719:55)
    at Module._compile (node:internal/modules/cjs/loader:1116:14)
    at Object.Module._extensions..js (node:internal/modules/cjs/loader:1169:10)
    at Module.load (node:internal/modules/cjs/loader:988:32)
    at Module._load (node:internal/modules/cjs/loader:829:12)
    at Function.c._load (node:electron/js2c/asar_bundle:5:13331)
2022-09-06T06:15:43.500Z - error: [main] Toast activator CLSID not found in any of the shortucts. Falling back to known CLSIDs.
2022-09-06T06:15:43.500Z - info: [main] Using toast activator CLSID {27D44D0C-A542-5B90-BCDB-AC3126048BA2}
2022-09-06T06:15:45.393Z - info: [ui] [AppStore] loading 2 repositories from store
2022-09-06T06:15:45.394Z - info: [ui] [AppStore] found account: MeetMaratha (Meet Maratha)
2022-09-06T06:15:45.883Z - info: [ui] launching: 3.0.5-linux1 (Linux 5.19.6-arch1-1)
2022-09-06T06:15:45.885Z - info: [ui] execPath: '/opt/github-desktop/github-desktop'
2022-09-06T06:15:46.117Z - info: [ui] Subscribed 'MeetMaratha' to Alive channel
2022-09-06T06:15:47.641Z - info: [ui] Stats reported.
2022-09-06T06:15:51.470Z - info: [ui] Executing fetch: git -c credential.helper= fetch --progress --prune origin (took 1.542s)
2022-09-06T06:16:04.648Z - info: [ui] Executing updateIndex: git update-index --add --remove --replace -z --stdin (took 3.377s)
2022-09-06T06:16:06.172Z - info: [ui] Executing createCommit: git commit -F - (took 1.508s)
2022-09-06T06:16:06.276Z - info: [ui] [Timing] Action 'create commit' for 'MeetMaratha/Solid-Waste-Collection' took 5.142s
2022-09-06T06:16:18.199Z - info: [ui] [RepositoryIndicatorUpdater]: Refreshing sidebar indicators for 1 repositories took 2.7s of which 0.0s paused, total 2.7s
2022-09-06T06:17:07.989Z - info: [ui] [Timing] Action 'create commit' for 'MeetMaratha/Solid-Waste-Collection' took 1.418s
2022-09-06T06:17:18.258Z - info: [ui] [AppStore.withAuthenticatingUser] account found for repository: Solid-Waste-Collection - MeetMaratha (has token)
2022-09-06T06:17:23.278Z - info: [ui] Executing push: git -c credential.helper= push origin Version-2:Version-2 --progress (took 5.012s)
2022-09-06T06:18:32.077Z - info: [ui] [AppStore.getAccountForRemoteURL] account found for remote: https://github.com/MeetMaratha/NLP-Project.git - MeetMaratha (has token)
2022-09-06T06:18:33.956Z - info: [ui] Executing clone: git -c credential.helper= -c init.defaultBranch=main clone --recursive --progress -- https://github.com/MeetMaratha/NLP-Project.git /home/meet/Documents/Assignment/NLP/NLP-Project (took 1.874s)
2022-09-06T06:18:33.982Z - info: [ui] [AppStore] adding repository at /home/meet/Documents/Assignment/NLP/NLP-Project to store
2022-09-06T06:18:34.411Z - info: [ui] [BranchPruner] Last prune took place 3 minutes ago - skipping
2022-09-06T06:18:35.771Z - info: [ui] [BranchPruner] No branches to prune.
2022-09-06T06:18:52.224Z - info: [ui] [AppStore.withAuthenticatingUser] account found for repository: NLP-Project - MeetMaratha (has token)
2022-09-06T06:18:52.539Z - info: [ui] [Timing] Action 'create branch' for 'MeetMaratha/NLP-Project' took 0.403s
2022-09-06T06:19:05.949Z - info: [ui] [AppStore.withAuthenticatingUser] account found for repository: NLP-Project - MeetMaratha (has token)
2022-09-06T06:19:06.253Z - info: [ui] [Timing] Action 'create branch' for 'MeetMaratha/NLP-Project' took 0.378s
2022-09-06T06:19:10.307Z - info: [ui] [AppStore.withAuthenticatingUser] account found for repository: NLP-Project - MeetMaratha (has token)
2022-09-06T06:19:10.564Z - info: [ui] [Timing] Action 'checkout branch from list' for 'MeetMaratha/NLP-Project' took 0.248s
2022-09-06T06:23:28.066Z - info: [ui] [Timing] Action 'create commit' for 'MeetMaratha/NLP-Project' took 0.385s
2022-09-06T06:23:31.013Z - info: [ui] [AppStore.withAuthenticatingUser] account found for repository: NLP-Project - MeetMaratha (has token)
2022-09-06T06:23:32.726Z - info: [ui] Executing push: git -c credential.helper= push origin Before-Mid-Sem --set-upstream --progress (took 1.696s)
2022-09-06T06:23:36.848Z - info: [main] opening in browser: https://github.com/MeetMaratha/NLP-Project/pull/new/Before-Mid-Sem
2022-09-06T06:23:38.544Z - info: [main] opening in browser: https://github.com/MeetMaratha/NLP-Project/pull/new/Before-Mid-Sem
2022-09-06T16:29:21.594Z - error: [main] Error looking for toast activator CLSID in shortcut /home/meet/AppData/Roaming/Microsoft/Windows/Start Menu/Programs/GitHub, Inc/GitHub Desktop.lnk
TypeError: i.shell.readShortcutLink is not a function
    at Q (/home/meet/webpack:/[name]/app/src/lib/find-toast-activator-clsid.ts:38:29)
    at /home/meet/webpack:/[name]/app/src/lib/find-toast-activator-clsid.ts:26:33
    at /home/meet/webpack:/[name]/app/src/main-process/notifications.ts:23:32
    at /home/meet/webpack:/[name]/app/src/main-process/main.ts:719:55
    at Object.<anonymous> (/home/meet/webpack:/[name]/app/src/main-process/main.ts:719:55)
    at Module._compile (node:internal/modules/cjs/loader:1116:14)
    at Object.Module._extensions..js (node:internal/modules/cjs/loader:1169:10)
    at Module.load (node:internal/modules/cjs/loader:988:32)
    at Module._load (node:internal/modules/cjs/loader:829:12)
    at Function.c._load (node:electron/js2c/asar_bundle:5:13331)
2022-09-06T16:29:21.786Z - error: [main] Error looking for toast activator CLSID in shortcut /home/meet/Desktop/GitHub Desktop.lnk
TypeError: i.shell.readShortcutLink is not a function
    at Q (/home/meet/webpack:/[name]/app/src/lib/find-toast-activator-clsid.ts:38:29)
    at /home/meet/webpack:/[name]/app/src/lib/find-toast-activator-clsid.ts:26:33
    at /home/meet/webpack:/[name]/app/src/main-process/notifications.ts:23:32
    at /home/meet/webpack:/[name]/app/src/main-process/main.ts:719:55
    at Object.<anonymous> (/home/meet/webpack:/[name]/app/src/main-process/main.ts:719:55)
    at Module._compile (node:internal/modules/cjs/loader:1116:14)
    at Object.Module._extensions..js (node:internal/modules/cjs/loader:1169:10)
    at Module.load (node:internal/modules/cjs/loader:988:32)
    at Module._load (node:internal/modules/cjs/loader:829:12)
    at Function.c._load (node:electron/js2c/asar_bundle:5:13331)
2022-09-06T16:29:21.787Z - error: [main] Toast activator CLSID not found in any of the shortucts. Falling back to known CLSIDs.
2022-09-06T16:29:21.787Z - info: [main] Using toast activator CLSID {27D44D0C-A542-5B90-BCDB-AC3126048BA2}
2022-09-06T16:29:23.664Z - info: [ui] [AppStore] loading 3 repositories from store
2022-09-06T16:29:23.678Z - info: [ui] [AppStore] found account: MeetMaratha (Meet Maratha)
2022-09-06T16:29:23.898Z - info: [ui] [BranchPruner] Last prune took place 10 hours ago - skipping
2022-09-06T16:29:24.774Z - info: [ui] Subscribed 'MeetMaratha' to Alive channel
2022-09-06T16:29:25.655Z - info: [ui] launching: 3.0.5-linux1 (Linux 5.19.6-arch1-1)
2022-09-06T16:29:25.657Z - info: [ui] execPath: '/opt/github-desktop/github-desktop'
2022-09-06T16:29:27.737Z - info: [ui] Executing fetch: git -c credential.helper= fetch --progress --prune origin (took 1.672s)
2022-09-06T16:29:46.481Z - info: [ui] [Timing] Action 'create commit' for 'MeetMaratha/NLP-Project' took 0.336s
2022-09-06T16:29:48.121Z - info: [ui] [AppStore.withAuthenticatingUser] account found for repository: NLP-Project - MeetMaratha (has token)
2022-09-06T16:29:50.053Z - info: [ui] Executing push: git -c credential.helper= push origin Before-Mid-Sem:Before-Mid-Sem --progress (took 1.887s)
2022-09-06T16:29:53.933Z - info: [main] opening in browser: https://github.com/MeetMaratha/NLP-Project/pull/new/Before-Mid-Sem
