2022-09-08T16:53:28.299Z - error: [main] Error looking for toast activator CLSID in shortcut /home/meet/AppData/Roaming/Microsoft/Windows/Start Menu/Programs/GitHub, Inc/GitHub Desktop.lnk
TypeError: i.shell.readShortcutLink is not a function
    at Q (/home/meet/webpack:/[name]/app/src/lib/find-toast-activator-clsid.ts:38:29)
    at /home/meet/webpack:/[name]/app/src/lib/find-toast-activator-clsid.ts:26:33
    at /home/meet/webpack:/[name]/app/src/main-process/notifications.ts:23:32
    at /home/meet/webpack:/[name]/app/src/main-process/main.ts:719:55
    at Object.<anonymous> (/home/meet/webpack:/[name]/app/src/main-process/main.ts:719:55)
    at Module._compile (node:internal/modules/cjs/loader:1116:14)
    at Object.Module._extensions..js (node:internal/modules/cjs/loader:1169:10)
    at Module.load (node:internal/modules/cjs/loader:988:32)
    at Module._load (node:internal/modules/cjs/loader:829:12)
    at Function.c._load (node:electron/js2c/asar_bundle:5:13331)
2022-09-08T16:53:28.345Z - error: [main] Error looking for toast activator CLSID in shortcut /home/meet/Desktop/GitHub Desktop.lnk
TypeError: i.shell.readShortcutLink is not a function
    at Q (/home/meet/webpack:/[name]/app/src/lib/find-toast-activator-clsid.ts:38:29)
    at /home/meet/webpack:/[name]/app/src/lib/find-toast-activator-clsid.ts:26:33
    at /home/meet/webpack:/[name]/app/src/main-process/notifications.ts:23:32
    at /home/meet/webpack:/[name]/app/src/main-process/main.ts:719:55
    at Object.<anonymous> (/home/meet/webpack:/[name]/app/src/main-process/main.ts:719:55)
    at Module._compile (node:internal/modules/cjs/loader:1116:14)
    at Object.Module._extensions..js (node:internal/modules/cjs/loader:1169:10)
    at Module.load (node:internal/modules/cjs/loader:988:32)
    at Module._load (node:internal/modules/cjs/loader:829:12)
    at Function.c._load (node:electron/js2c/asar_bundle:5:13331)
2022-09-08T16:53:28.345Z - error: [main] Toast activator CLSID not found in any of the shortucts. Falling back to known CLSIDs.
2022-09-08T16:53:28.345Z - info: [main] Using toast activator CLSID {27D44D0C-A542-5B90-BCDB-AC3126048BA2}
2022-09-08T16:53:30.637Z - info: [ui] [AppStore] loading 3 repositories from store
2022-09-08T16:53:30.649Z - info: [ui] [AppStore] found account: MeetMaratha (Meet Maratha)
2022-09-08T16:53:31.692Z - info: [ui] Subscribed 'MeetMaratha' to Alive channel
2022-09-08T16:53:32.658Z - info: [ui] launching: 3.0.5-linux1 (Linux 5.19.6-arch1-1)
2022-09-08T16:53:32.659Z - info: [ui] execPath: '/opt/github-desktop/github-desktop'
2022-09-08T16:53:33.941Z - info: [ui] Executing installGlobalLFSFilter: git lfs install --skip-repo (took 1.281s)
2022-09-08T16:53:34.407Z - info: [ui] Stats reported.
2022-09-08T16:53:38.574Z - info: [ui] Executing fetch: git -c credential.helper= fetch --progress --prune origin (took 2.002s)
2022-09-08T16:54:03.072Z - info: [ui] Executing getCommits: git log HEAD --date=raw --max-count=100 --skip=0 -z --format=%H%x00%h%x00%s%x00%b%x00%an <%ae> %ad%x00%cn <%ce> %cd%x00%P%x00%(trailers:unfold,only)%x00%D --no-show-signature --no-color -- (took 1.923s)
2022-09-08T16:54:10.702Z - info: [ui] [Timing] Action 'create commit' for 'MeetMaratha/Solid-Waste-Collection' took 0.511s
2022-09-08T16:54:13.190Z - info: [ui] [AppStore.withAuthenticatingUser] account found for repository: Solid-Waste-Collection - MeetMaratha (has token)
2022-09-08T16:54:15.526Z - info: [ui] Executing push: git -c credential.helper= push origin Version-2:Version-2 --progress (took 2.314s)
2022-09-08T18:41:42.634Z - error: [main] Error looking for toast activator CLSID in shortcut /home/meet/AppData/Roaming/Microsoft/Windows/Start Menu/Programs/GitHub, Inc/GitHub Desktop.lnk
TypeError: i.shell.readShortcutLink is not a function
    at Q (/home/meet/webpack:/[name]/app/src/lib/find-toast-activator-clsid.ts:38:29)
    at /home/meet/webpack:/[name]/app/src/lib/find-toast-activator-clsid.ts:26:33
    at /home/meet/webpack:/[name]/app/src/main-process/notifications.ts:23:32
    at /home/meet/webpack:/[name]/app/src/main-process/main.ts:719:55
    at Object.<anonymous> (/home/meet/webpack:/[name]/app/src/main-process/main.ts:719:55)
    at Module._compile (node:internal/modules/cjs/loader:1116:14)
    at Object.Module._extensions..js (node:internal/modules/cjs/loader:1169:10)
    at Module.load (node:internal/modules/cjs/loader:988:32)
    at Module._load (node:internal/modules/cjs/loader:829:12)
    at Function.c._load (node:electron/js2c/asar_bundle:5:13331)
2022-09-08T18:41:42.688Z - error: [main] Error looking for toast activator CLSID in shortcut /home/meet/Desktop/GitHub Desktop.lnk
TypeError: i.shell.readShortcutLink is not a function
    at Q (/home/meet/webpack:/[name]/app/src/lib/find-toast-activator-clsid.ts:38:29)
    at /home/meet/webpack:/[name]/app/src/lib/find-toast-activator-clsid.ts:26:33
    at /home/meet/webpack:/[name]/app/src/main-process/notifications.ts:23:32
    at /home/meet/webpack:/[name]/app/src/main-process/main.ts:719:55
    at Object.<anonymous> (/home/meet/webpack:/[name]/app/src/main-process/main.ts:719:55)
    at Module._compile (node:internal/modules/cjs/loader:1116:14)
    at Object.Module._extensions..js (node:internal/modules/cjs/loader:1169:10)
    at Module.load (node:internal/modules/cjs/loader:988:32)
    at Module._load (node:internal/modules/cjs/loader:829:12)
    at Function.c._load (node:electron/js2c/asar_bundle:5:13331)
2022-09-08T18:41:42.688Z - error: [main] Toast activator CLSID not found in any of the shortucts. Falling back to known CLSIDs.
2022-09-08T18:41:42.688Z - info: [main] Using toast activator CLSID {27D44D0C-A542-5B90-BCDB-AC3126048BA2}
2022-09-08T18:41:43.391Z - info: [ui] [AppStore] loading 3 repositories from store
2022-09-08T18:41:43.393Z - info: [ui] [AppStore] found account: MeetMaratha (Meet Maratha)
2022-09-08T18:41:43.522Z - info: [ui] [BranchPruner] Last prune took place 2 hours ago - skipping
2022-09-08T18:41:44.466Z - info: [ui] Subscribed 'MeetMaratha' to Alive channel
2022-09-08T18:41:44.747Z - info: [ui] launching: 3.0.5-linux1 (Linux 5.19.6-arch1-1)
2022-09-08T18:41:44.749Z - info: [ui] execPath: '/opt/github-desktop/github-desktop'
2022-09-08T18:44:07.582Z - info: [ui] [RepositoryIndicatorUpdater]: Refreshing sidebar indicators for 2 repositories took 3.4s of which 0.0s paused, total 3.4s
2022-09-08T18:44:26.492Z - info: [ui] [Timing] Action 'create commit' for 'MeetMaratha/Solid-Waste-Collection' took 0.594s
2022-09-08T18:44:28.590Z - info: [ui] [AppStore.withAuthenticatingUser] account found for repository: Solid-Waste-Collection - MeetMaratha (has token)
2022-09-08T18:44:30.076Z - info: [ui] Executing push: git -c credential.helper= push origin Version-2:Version-2 --progress (took 1.480s)
