2022-08-29T06:30:08.509Z - error: [main] Error looking for toast activator CLSID in shortcut /home/meet/AppData/Roaming/Microsoft/Windows/Start Menu/Programs/GitHub, Inc/GitHub Desktop.lnk
TypeError: i.shell.readShortcutLink is not a function
    at Q (/home/meet/webpack:/[name]/app/src/lib/find-toast-activator-clsid.ts:38:29)
    at /home/meet/webpack:/[name]/app/src/lib/find-toast-activator-clsid.ts:26:33
    at /home/meet/webpack:/[name]/app/src/main-process/notifications.ts:23:32
    at /home/meet/webpack:/[name]/app/src/main-process/main.ts:719:55
    at Object.<anonymous> (/home/meet/webpack:/[name]/app/src/main-process/main.ts:719:55)
    at Module._compile (node:internal/modules/cjs/loader:1116:14)
    at Object.Module._extensions..js (node:internal/modules/cjs/loader:1169:10)
    at Module.load (node:internal/modules/cjs/loader:988:32)
    at Module._load (node:internal/modules/cjs/loader:829:12)
    at Function.c._load (node:electron/js2c/asar_bundle:5:13331)
2022-08-29T06:30:08.616Z - error: [main] Error looking for toast activator CLSID in shortcut /home/meet/Desktop/GitHub Desktop.lnk
TypeError: i.shell.readShortcutLink is not a function
    at Q (/home/meet/webpack:/[name]/app/src/lib/find-toast-activator-clsid.ts:38:29)
    at /home/meet/webpack:/[name]/app/src/lib/find-toast-activator-clsid.ts:26:33
    at /home/meet/webpack:/[name]/app/src/main-process/notifications.ts:23:32
    at /home/meet/webpack:/[name]/app/src/main-process/main.ts:719:55
    at Object.<anonymous> (/home/meet/webpack:/[name]/app/src/main-process/main.ts:719:55)
    at Module._compile (node:internal/modules/cjs/loader:1116:14)
    at Object.Module._extensions..js (node:internal/modules/cjs/loader:1169:10)
    at Module.load (node:internal/modules/cjs/loader:988:32)
    at Module._load (node:internal/modules/cjs/loader:829:12)
    at Function.c._load (node:electron/js2c/asar_bundle:5:13331)
2022-08-29T06:30:08.616Z - error: [main] Toast activator CLSID not found in any of the shortucts. Falling back to known CLSIDs.
2022-08-29T06:30:08.616Z - info: [main] Using toast activator CLSID {27D44D0C-A542-5B90-BCDB-AC3126048BA2}
2022-08-29T06:30:10.422Z - info: [ui] [AppStore] loading 2 repositories from store
2022-08-29T06:30:10.452Z - info: [ui] [AppStore] found account: MeetMaratha (Meet Maratha)
2022-08-29T06:30:10.833Z - info: [ui] [BranchPruner] Last prune took place 17 hours ago - skipping
2022-08-29T06:30:11.294Z - info: [ui] Subscribed 'MeetMaratha' to Alive channel
2022-08-29T06:30:12.022Z - info: [ui] launching: 3.0.5-linux1 (Linux 5.19.3-arch1-1)
2022-08-29T06:30:12.023Z - info: [ui] execPath: '/opt/github-desktop/github-desktop'
2022-08-29T06:30:13.296Z - info: [ui] Executing installGlobalLFSFilter: git lfs install --skip-repo (took 1.273s)
2022-08-29T06:30:13.737Z - info: [ui] Executing getRecentBranches: git log -g --no-abbrev-commit --pretty=oneline HEAD -n 2500 -- (took 1.108s)
2022-08-29T06:30:13.770Z - info: [ui] Executing getRecentBranches: git log -g --no-abbrev-commit --pretty=oneline HEAD -n 2500 -- (took 1.106s)
2022-08-29T06:30:13.803Z - info: [ui] Executing getRecentBranches: git log -g --no-abbrev-commit --pretty=oneline HEAD -n 2500 -- (took 1.050s)
2022-08-29T06:30:14.540Z - info: [ui] Executing fetch: git -c credential.helper= fetch --progress --prune origin (took 3.165s)
2022-08-29T06:30:15.488Z - info: [ui] Executing getCommits: git log HEAD --date=raw --max-count=100 --skip=0 -z --format=%H%x00%h%x00%s%x00%b%x00%an <%ae> %ad%x00%cn <%ce> %cd%x00%P%x00%(trailers:unfold,only)%x00%D --no-show-signature --no-color -- (took 1.016s)
2022-08-29T06:30:16.069Z - info: [ui] Executing getBlobContents: git show HEAD:AI Paper/9 Graphs combined.png (took 2.383s)
2022-08-29T06:30:16.177Z - info: [ui] Executing getBlobContents: git show HEAD:AI Paper/9 Graphs combined.png (took 2.581s)
2022-08-29T06:30:18.800Z - info: [ui] Executing getBlobContents: git show HEAD:AI Paper/9 Graphs combined.png (took 3.800s)
2022-08-29T06:30:18.916Z - info: [ui] Executing getChangedFilesNameStatus: git log 04c84cbe4b3fedcbb32a0b2031b614835d87cc83 -C -M -m -1 --no-show-signature --first-parent --format=format: -z --name-status -- (took 3.422s)
2022-08-29T06:30:20.443Z - info: [ui] Executing getChangedFilesNumStats: git log 04c84cbe4b3fedcbb32a0b2031b614835d87cc83 -C -M -m -1 --no-show-signature --first-parent --format=format: -z --numstat -- (took 1.519s)
2022-08-29T06:31:45.923Z - info: [ui] Executing updateIndex: git update-index --add --remove --replace -z --stdin (took 2.762s)
2022-08-29T06:31:47.745Z - info: [ui] Executing createCommit: git commit -F - (took 1.820s)
2022-08-29T06:31:47.872Z - info: [ui] [Timing] Action 'create commit' for 'MeetMaratha/Solid-Waste-Collection' took 4.995s
2022-08-29T06:31:49.930Z - info: [ui] [AppStore.withAuthenticatingUser] account found for repository: Solid-Waste-Collection - MeetMaratha (has token)
2022-08-29T06:31:59.437Z - info: [ui] Executing push: git -c credential.helper= push origin Version-2:Version-2 --progress (took 9.486s)
