2022-09-09T13:58:10.818Z - error: [main] Error looking for toast activator CLSID in shortcut /home/meet/AppData/Roaming/Microsoft/Windows/Start Menu/Programs/GitHub, Inc/GitHub Desktop.lnk
TypeError: i.shell.readShortcutLink is not a function
    at Q (/home/meet/webpack:/[name]/app/src/lib/find-toast-activator-clsid.ts:38:29)
    at /home/meet/webpack:/[name]/app/src/lib/find-toast-activator-clsid.ts:26:33
    at /home/meet/webpack:/[name]/app/src/main-process/notifications.ts:23:32
    at /home/meet/webpack:/[name]/app/src/main-process/main.ts:719:55
    at Object.<anonymous> (/home/meet/webpack:/[name]/app/src/main-process/main.ts:719:55)
    at Module._compile (node:internal/modules/cjs/loader:1116:14)
    at Object.Module._extensions..js (node:internal/modules/cjs/loader:1169:10)
    at Module.load (node:internal/modules/cjs/loader:988:32)
    at Module._load (node:internal/modules/cjs/loader:829:12)
    at Function.c._load (node:electron/js2c/asar_bundle:5:13331)
2022-09-09T13:58:10.885Z - error: [main] Error looking for toast activator CLSID in shortcut /home/meet/Desktop/GitHub Desktop.lnk
TypeError: i.shell.readShortcutLink is not a function
    at Q (/home/meet/webpack:/[name]/app/src/lib/find-toast-activator-clsid.ts:38:29)
    at /home/meet/webpack:/[name]/app/src/lib/find-toast-activator-clsid.ts:26:33
    at /home/meet/webpack:/[name]/app/src/main-process/notifications.ts:23:32
    at /home/meet/webpack:/[name]/app/src/main-process/main.ts:719:55
    at Object.<anonymous> (/home/meet/webpack:/[name]/app/src/main-process/main.ts:719:55)
    at Module._compile (node:internal/modules/cjs/loader:1116:14)
    at Object.Module._extensions..js (node:internal/modules/cjs/loader:1169:10)
    at Module.load (node:internal/modules/cjs/loader:988:32)
    at Module._load (node:internal/modules/cjs/loader:829:12)
    at Function.c._load (node:electron/js2c/asar_bundle:5:13331)
2022-09-09T13:58:10.885Z - error: [main] Toast activator CLSID not found in any of the shortucts. Falling back to known CLSIDs.
2022-09-09T13:58:10.885Z - info: [main] Using toast activator CLSID {27D44D0C-A542-5B90-BCDB-AC3126048BA2}
2022-09-09T13:58:12.943Z - info: [ui] [AppStore] loading 3 repositories from store
2022-09-09T13:58:12.956Z - info: [ui] [AppStore] found account: MeetMaratha (Meet Maratha)
2022-09-09T13:58:13.475Z - info: [ui] [BranchPruner] Last prune took place 21 hours ago - skipping
2022-09-09T13:58:14.443Z - info: [ui] Subscribed 'MeetMaratha' to Alive channel
2022-09-09T13:58:14.994Z - info: [ui] launching: 3.0.5-linux1 (Linux 5.19.6-arch1-1)
2022-09-09T13:58:14.995Z - info: [ui] execPath: '/opt/github-desktop/github-desktop'
2022-09-09T13:58:16.409Z - info: [ui] Executing installGlobalLFSFilter: git lfs install --skip-repo (took 1.411s)
2022-09-09T13:58:16.411Z - info: [ui] Executing getRecentBranches: git log -g --no-abbrev-commit --pretty=oneline HEAD -n 2500 -- (took 1.610s)
2022-09-09T13:58:16.430Z - info: [ui] Executing getRecentBranches: git log -g --no-abbrev-commit --pretty=oneline HEAD -n 2500 -- (took 1.658s)
2022-09-09T13:58:26.368Z - info: [ui] Executing updateIndex: git update-index --add --remove --replace -z --stdin (took 1.006s)
2022-09-09T13:58:27.394Z - info: [ui] Executing createCommit: git commit -F - (took 1.025s)
2022-09-09T13:58:27.506Z - info: [ui] [Timing] Action 'create commit' for 'MeetMaratha/Solid-Waste-Collection' took 2.206s
2022-09-09T13:58:28.931Z - info: [ui] [AppStore.withAuthenticatingUser] account found for repository: Solid-Waste-Collection - MeetMaratha (has token)
2022-09-09T13:58:30.018Z - info: [ui] Executing push: git -c credential.helper= push origin Version-2:Version-2 --progress (took 1.058s)
2022-09-09T13:58:30.020Z - error: [ui] `git -c credential.helper= push origin Version-2:Version-2 --progress` exited with an unexpected code: 1.
stderr:
To https://github.com/MeetMaratha/Solid-Waste-Collection.git
 ! [rejected]        Version-2 -> Version-2 (fetch first)
error: failed to push some refs to 'https://github.com/MeetMaratha/Solid-Waste-Collection.git'
hint: Updates were rejected because the remote contains work that you do
hint: not have locally. This is usually caused by another repository pushing
hint: to the same ref. You may want to first integrate the remote changes
hint: (e.g., 'git pull ...') before pushing again.
hint: See the 'Note about fast-forwards' in 'git push --help' for details.

(The error was parsed as 10: The repository has been updated since you last pulled. Try pulling before pushing.)
2022-09-09T13:58:36.288Z - info: [ui] [AppStore.withAuthenticatingUser] account found for repository: Solid-Waste-Collection - MeetMaratha (has token)
2022-09-09T13:58:41.193Z - info: [ui] Executing fetch: git -c credential.helper= fetch --progress --prune origin (took 4.884s)
2022-09-09T13:58:43.715Z - info: [ui] [AppStore.withAuthenticatingUser] account found for repository: Solid-Waste-Collection - MeetMaratha (has token)
2022-09-09T13:58:45.161Z - info: [ui] Executing pull: git -c credential.helper= -c rebase.backend=merge pull --ff --progress origin (took 1.371s)
2022-09-09T13:58:52.107Z - info: [ui] [AppStore.withAuthenticatingUser] account found for repository: Solid-Waste-Collection - MeetMaratha (has token)
2022-09-09T13:59:00.504Z - info: [ui] Executing push: git -c credential.helper= push origin Version-2:Version-2 --progress (took 8.363s)
2022-09-09T14:02:24.477Z - error: [main] Error looking for toast activator CLSID in shortcut /home/meet/AppData/Roaming/Microsoft/Windows/Start Menu/Programs/GitHub, Inc/GitHub Desktop.lnk
TypeError: i.shell.readShortcutLink is not a function
    at Q (/home/meet/webpack:/[name]/app/src/lib/find-toast-activator-clsid.ts:38:29)
    at /home/meet/webpack:/[name]/app/src/lib/find-toast-activator-clsid.ts:26:33
    at /home/meet/webpack:/[name]/app/src/main-process/notifications.ts:23:32
    at /home/meet/webpack:/[name]/app/src/main-process/main.ts:719:55
    at Object.<anonymous> (/home/meet/webpack:/[name]/app/src/main-process/main.ts:719:55)
    at Module._compile (node:internal/modules/cjs/loader:1116:14)
    at Object.Module._extensions..js (node:internal/modules/cjs/loader:1169:10)
    at Module.load (node:internal/modules/cjs/loader:988:32)
    at Module._load (node:internal/modules/cjs/loader:829:12)
    at Function.c._load (node:electron/js2c/asar_bundle:5:13331)
2022-09-09T14:02:24.564Z - error: [main] Error looking for toast activator CLSID in shortcut /home/meet/Desktop/GitHub Desktop.lnk
TypeError: i.shell.readShortcutLink is not a function
    at Q (/home/meet/webpack:/[name]/app/src/lib/find-toast-activator-clsid.ts:38:29)
    at /home/meet/webpack:/[name]/app/src/lib/find-toast-activator-clsid.ts:26:33
    at /home/meet/webpack:/[name]/app/src/main-process/notifications.ts:23:32
    at /home/meet/webpack:/[name]/app/src/main-process/main.ts:719:55
    at Object.<anonymous> (/home/meet/webpack:/[name]/app/src/main-process/main.ts:719:55)
    at Module._compile (node:internal/modules/cjs/loader:1116:14)
    at Object.Module._extensions..js (node:internal/modules/cjs/loader:1169:10)
    at Module.load (node:internal/modules/cjs/loader:988:32)
    at Module._load (node:internal/modules/cjs/loader:829:12)
    at Function.c._load (node:electron/js2c/asar_bundle:5:13331)
2022-09-09T14:02:24.564Z - error: [main] Toast activator CLSID not found in any of the shortucts. Falling back to known CLSIDs.
2022-09-09T14:02:24.564Z - info: [main] Using toast activator CLSID {27D44D0C-A542-5B90-BCDB-AC3126048BA2}
2022-09-09T14:02:25.396Z - info: [ui] [AppStore] loading 3 repositories from store
2022-09-09T14:02:25.397Z - info: [ui] [AppStore] found account: MeetMaratha (Meet Maratha)
2022-09-09T14:02:25.490Z - info: [ui] [BranchPruner] Last prune took place 21 hours ago - skipping
2022-09-09T14:02:25.849Z - info: [ui] launching: 3.0.5-linux1 (Linux 5.19.6-arch1-1)
2022-09-09T14:02:25.858Z - info: [ui] execPath: '/opt/github-desktop/github-desktop'
2022-09-09T14:02:26.166Z - info: [ui] Subscribed 'MeetMaratha' to Alive channel
2022-09-09T14:02:34.704Z - info: [ui] [Timing] Action 'create commit' for 'MeetMaratha/Solid-Waste-Collection' took 0.670s
2022-09-09T14:02:35.880Z - info: [ui] [AppStore.withAuthenticatingUser] account found for repository: Solid-Waste-Collection - MeetMaratha (has token)
2022-09-09T14:02:37.287Z - info: [ui] Executing push: git -c credential.helper= push origin Version-2:Version-2 --progress (took 1.387s)
2022-09-09T15:23:59.167Z - error: [main] Error looking for toast activator CLSID in shortcut /home/meet/AppData/Roaming/Microsoft/Windows/Start Menu/Programs/GitHub, Inc/GitHub Desktop.lnk
TypeError: i.shell.readShortcutLink is not a function
    at Q (/home/meet/webpack:/[name]/app/src/lib/find-toast-activator-clsid.ts:38:29)
    at /home/meet/webpack:/[name]/app/src/lib/find-toast-activator-clsid.ts:26:33
    at /home/meet/webpack:/[name]/app/src/main-process/notifications.ts:23:32
    at /home/meet/webpack:/[name]/app/src/main-process/main.ts:719:55
    at Object.<anonymous> (/home/meet/webpack:/[name]/app/src/main-process/main.ts:719:55)
    at Module._compile (node:internal/modules/cjs/loader:1116:14)
    at Object.Module._extensions..js (node:internal/modules/cjs/loader:1169:10)
    at Module.load (node:internal/modules/cjs/loader:988:32)
    at Module._load (node:internal/modules/cjs/loader:829:12)
    at Function.c._load (node:electron/js2c/asar_bundle:5:13331)
2022-09-09T15:23:59.258Z - error: [main] Error looking for toast activator CLSID in shortcut /home/meet/Desktop/GitHub Desktop.lnk
TypeError: i.shell.readShortcutLink is not a function
    at Q (/home/meet/webpack:/[name]/app/src/lib/find-toast-activator-clsid.ts:38:29)
    at /home/meet/webpack:/[name]/app/src/lib/find-toast-activator-clsid.ts:26:33
    at /home/meet/webpack:/[name]/app/src/main-process/notifications.ts:23:32
    at /home/meet/webpack:/[name]/app/src/main-process/main.ts:719:55
    at Object.<anonymous> (/home/meet/webpack:/[name]/app/src/main-process/main.ts:719:55)
    at Module._compile (node:internal/modules/cjs/loader:1116:14)
    at Object.Module._extensions..js (node:internal/modules/cjs/loader:1169:10)
    at Module.load (node:internal/modules/cjs/loader:988:32)
    at Module._load (node:internal/modules/cjs/loader:829:12)
    at Function.c._load (node:electron/js2c/asar_bundle:5:13331)
2022-09-09T15:23:59.258Z - error: [main] Toast activator CLSID not found in any of the shortucts. Falling back to known CLSIDs.
2022-09-09T15:23:59.258Z - info: [main] Using toast activator CLSID {27D44D0C-A542-5B90-BCDB-AC3126048BA2}
2022-09-09T15:24:00.182Z - info: [ui] [AppStore] loading 3 repositories from store
2022-09-09T15:24:00.184Z - info: [ui] [AppStore] found account: MeetMaratha (Meet Maratha)
2022-09-09T15:24:00.318Z - info: [ui] [BranchPruner] Last prune took place 23 hours ago - skipping
2022-09-09T15:24:01.011Z - info: [ui] Subscribed 'MeetMaratha' to Alive channel
2022-09-09T15:24:06.616Z - error: [main] Error looking for toast activator CLSID in shortcut /home/meet/AppData/Roaming/Microsoft/Windows/Start Menu/Programs/GitHub, Inc/GitHub Desktop.lnk
TypeError: i.shell.readShortcutLink is not a function
    at Q (/home/meet/webpack:/[name]/app/src/lib/find-toast-activator-clsid.ts:38:29)
    at /home/meet/webpack:/[name]/app/src/lib/find-toast-activator-clsid.ts:26:33
    at /home/meet/webpack:/[name]/app/src/main-process/notifications.ts:23:32
    at /home/meet/webpack:/[name]/app/src/main-process/main.ts:719:55
    at Object.<anonymous> (/home/meet/webpack:/[name]/app/src/main-process/main.ts:719:55)
    at Module._compile (node:internal/modules/cjs/loader:1116:14)
    at Object.Module._extensions..js (node:internal/modules/cjs/loader:1169:10)
    at Module.load (node:internal/modules/cjs/loader:988:32)
    at Module._load (node:internal/modules/cjs/loader:829:12)
    at Function.c._load (node:electron/js2c/asar_bundle:5:13331)
2022-09-09T15:24:06.655Z - error: [main] Error looking for toast activator CLSID in shortcut /home/meet/Desktop/GitHub Desktop.lnk
TypeError: i.shell.readShortcutLink is not a function
    at Q (/home/meet/webpack:/[name]/app/src/lib/find-toast-activator-clsid.ts:38:29)
    at /home/meet/webpack:/[name]/app/src/lib/find-toast-activator-clsid.ts:26:33
    at /home/meet/webpack:/[name]/app/src/main-process/notifications.ts:23:32
    at /home/meet/webpack:/[name]/app/src/main-process/main.ts:719:55
    at Object.<anonymous> (/home/meet/webpack:/[name]/app/src/main-process/main.ts:719:55)
    at Module._compile (node:internal/modules/cjs/loader:1116:14)
    at Object.Module._extensions..js (node:internal/modules/cjs/loader:1169:10)
    at Module.load (node:internal/modules/cjs/loader:988:32)
    at Module._load (node:internal/modules/cjs/loader:829:12)
    at Function.c._load (node:electron/js2c/asar_bundle:5:13331)
2022-09-09T15:24:06.655Z - error: [main] Toast activator CLSID not found in any of the shortucts. Falling back to known CLSIDs.
2022-09-09T15:24:06.655Z - info: [main] Using toast activator CLSID {27D44D0C-A542-5B90-BCDB-AC3126048BA2}
2022-09-09T15:24:07.366Z - info: [ui] Subscribed 'MeetMaratha' to Alive channel
2022-09-09T15:24:07.547Z - info: [ui] [AppStore] loading 3 repositories from store
2022-09-09T15:24:07.549Z - info: [ui] [AppStore] found account: MeetMaratha (Meet Maratha)
2022-09-09T15:24:07.668Z - info: [ui] [BranchPruner] Last prune took place 23 hours ago - skipping
2022-09-09T15:24:10.509Z - info: [ui] launching: 3.0.5-linux1 (Linux 5.19.6-arch1-1)
2022-09-09T15:24:10.510Z - info: [ui] execPath: '/opt/github-desktop/github-desktop'
2022-09-09T15:24:14.730Z - info: [ui] Executing fetch: git -c credential.helper= fetch --progress --prune origin (took 2.886s)
2022-09-09T15:24:23.542Z - info: [ui] [Timing] Action 'create commit' for 'MeetMaratha/Solid-Waste-Collection' took 0.683s
2022-09-09T15:24:25.162Z - info: [ui] [AppStore.withAuthenticatingUser] account found for repository: Solid-Waste-Collection - MeetMaratha (has token)
2022-09-09T15:24:26.430Z - info: [ui] Executing pull: git -c credential.helper= -c rebase.backend=merge pull --ff --progress origin (took 1.070s)
2022-09-09T15:24:28.012Z - info: [ui] [AppStore.withAuthenticatingUser] account found for repository: Solid-Waste-Collection - MeetMaratha (has token)
2022-09-09T15:24:30.485Z - info: [ui] Executing push: git -c credential.helper= push origin Version-2:Version-2 --progress (took 2.451s)
2022-09-09T15:26:23.191Z - error: [main] Error looking for toast activator CLSID in shortcut /home/meet/AppData/Roaming/Microsoft/Windows/Start Menu/Programs/GitHub, Inc/GitHub Desktop.lnk
TypeError: i.shell.readShortcutLink is not a function
    at Q (/home/meet/webpack:/[name]/app/src/lib/find-toast-activator-clsid.ts:38:29)
    at /home/meet/webpack:/[name]/app/src/lib/find-toast-activator-clsid.ts:26:33
    at /home/meet/webpack:/[name]/app/src/main-process/notifications.ts:23:32
    at /home/meet/webpack:/[name]/app/src/main-process/main.ts:719:55
    at Object.<anonymous> (/home/meet/webpack:/[name]/app/src/main-process/main.ts:719:55)
    at Module._compile (node:internal/modules/cjs/loader:1116:14)
    at Object.Module._extensions..js (node:internal/modules/cjs/loader:1169:10)
    at Module.load (node:internal/modules/cjs/loader:988:32)
    at Module._load (node:internal/modules/cjs/loader:829:12)
    at Function.c._load (node:electron/js2c/asar_bundle:5:13331)
2022-09-09T15:26:23.239Z - error: [main] Error looking for toast activator CLSID in shortcut /home/meet/Desktop/GitHub Desktop.lnk
TypeError: i.shell.readShortcutLink is not a function
    at Q (/home/meet/webpack:/[name]/app/src/lib/find-toast-activator-clsid.ts:38:29)
    at /home/meet/webpack:/[name]/app/src/lib/find-toast-activator-clsid.ts:26:33
    at /home/meet/webpack:/[name]/app/src/main-process/notifications.ts:23:32
    at /home/meet/webpack:/[name]/app/src/main-process/main.ts:719:55
    at Object.<anonymous> (/home/meet/webpack:/[name]/app/src/main-process/main.ts:719:55)
    at Module._compile (node:internal/modules/cjs/loader:1116:14)
    at Object.Module._extensions..js (node:internal/modules/cjs/loader:1169:10)
    at Module.load (node:internal/modules/cjs/loader:988:32)
    at Module._load (node:internal/modules/cjs/loader:829:12)
    at Function.c._load (node:electron/js2c/asar_bundle:5:13331)
2022-09-09T15:26:23.241Z - error: [main] Toast activator CLSID not found in any of the shortucts. Falling back to known CLSIDs.
2022-09-09T15:26:23.241Z - info: [main] Using toast activator CLSID {27D44D0C-A542-5B90-BCDB-AC3126048BA2}
2022-09-09T15:26:24.009Z - info: [ui] [AppStore] loading 3 repositories from store
2022-09-09T15:26:24.011Z - info: [ui] [AppStore] found account: MeetMaratha (Meet Maratha)
2022-09-09T15:26:24.120Z - info: [ui] [BranchPruner] Last prune took place 23 hours ago - skipping
2022-09-09T15:26:25.281Z - info: [ui] Subscribed 'MeetMaratha' to Alive channel
2022-09-09T15:26:25.557Z - info: [ui] launching: 3.0.5-linux1 (Linux 5.19.6-arch1-1)
2022-09-09T15:26:25.560Z - info: [ui] execPath: '/opt/github-desktop/github-desktop'
2022-09-09T15:26:26.699Z - info: [ui] Executing getBlobContents: git show HEAD:AI Paper/Combined graph Enlarged and table.png (took 1.007s)
2022-09-09T15:26:27.688Z - info: [ui] Executing getBlobContents: git show HEAD:AI Paper/Combined graph Enlarged and table.png (took 1.906s)
2022-09-09T15:26:28.496Z - info: [ui] [Timing] Action 'create commit' for 'MeetMaratha/Solid-Waste-Collection' took 0.881s
2022-09-09T15:26:29.892Z - info: [ui] [AppStore.withAuthenticatingUser] account found for repository: Solid-Waste-Collection - MeetMaratha (has token)
2022-09-09T15:26:31.844Z - info: [ui] Executing push: git -c credential.helper= push origin Version-2:Version-2 --progress (took 1.944s)
2022-09-09T15:28:55.475Z - info: [ui] [RepositoryIndicatorUpdater]: Refreshing sidebar indicators for 2 repositories took 4.4s of which 0.0s paused, total 4.4s
2022-09-09T15:44:19.069Z - info: [ui] [RepositoryIndicatorUpdater]: Refreshing sidebar indicators for 2 repositories took 0.8s of which 0.0s paused, total 0.8s
2022-09-09T15:58:02.481Z - info: [ui] Executing fetch: git -c credential.helper= fetch --progress --prune origin (took 1.243s)
2022-09-09T15:59:46.230Z - info: [ui] [RepositoryIndicatorUpdater]: Refreshing sidebar indicators for 2 repositories took 0.8s of which 0.0s paused, total 0.8s
